WARNING 2023-03-18 16:12:23,274 - Итерация
WARNING 2023-03-18 16:12:23,274 - 0
WARNING 2023-03-18 16:12:23,275 - Место короткого замыкания:
WARNING 2023-03-18 16:12:23,275 - Bus3
WARNING 2023-03-18 16:12:23,275 - Вид короткого замыкания:
WARNING 2023-03-18 16:12:23,276 - однофазное
WARNING 2023-03-18 16:12:23,276 - ['Шина отключена, сработала основная защита', 3]
WARNING 2023-03-18 16:12:23,276 - Q4
WARNING 2023-03-18 16:12:23,276 - Сработала основная защита
WARNING 2023-03-18 16:12:23,277 - Уставка у рз
WARNING 2023-03-18 16:12:23,277 - 350
WARNING 2023-03-18 16:12:23,277 - Вероятность поломки:
WARNING 2023-03-18 16:12:23,278 - 21
WARNING 2023-03-18 16:12:23,278 - Вероятность срабатывания по ТЗ:
WARNING 2023-03-18 16:12:23,278 - 80
WARNING 2023-03-18 16:12:23,279 - Уровень тока на оборудование
WARNING 2023-03-18 16:12:23,279 - 397
WARNING 2023-03-18 16:12:23,279 - Все нагрузки работают
WARNING 2023-03-18 16:12:23,280 - -----------------------------------------------------------------
WARNING 2023-03-18 16:12:23,280 - Итерация
WARNING 2023-03-18 16:12:23,280 - 1
WARNING 2023-03-18 16:12:23,281 - Место короткого замыкания:
WARNING 2023-03-18 16:12:23,281 - W1
WARNING 2023-03-18 16:12:23,281 - Вид короткого замыкания:
WARNING 2023-03-18 16:12:23,282 - трехфазное
WARNING 2023-03-18 16:12:23,282 - ['Линия отключена, сработала основная защита', 1]
WARNING 2023-03-18 16:12:23,282 - Q9
WARNING 2023-03-18 16:12:23,283 - Сработала основная защита
WARNING 2023-03-18 16:12:23,283 - Уставка у рз
WARNING 2023-03-18 16:12:23,283 - 400
WARNING 2023-03-18 16:12:23,283 - Вероятность поломки:
WARNING 2023-03-18 16:12:23,284 - 45
WARNING 2023-03-18 16:12:23,284 - Вероятность срабатывания по ТЗ:
WARNING 2023-03-18 16:12:23,285 - 70
WARNING 2023-03-18 16:12:23,285 - Самоустронение кз:
WARNING 2023-03-18 16:12:23,285 - 37
WARNING 2023-03-18 16:12:23,286 - Уровень тока на оборудование
WARNING 2023-03-18 16:12:23,286 - 976
WARNING 2023-03-18 16:12:23,286 - Все нагрузки работают
WARNING 2023-03-18 16:12:23,286 - -----------------------------------------------------------------
WARNING 2023-03-18 16:12:23,287 - Итерация
WARNING 2023-03-18 16:12:23,287 - 2
WARNING 2023-03-18 16:12:23,287 - Место короткого замыкания:
WARNING 2023-03-18 16:12:23,288 - W1
WARNING 2023-03-18 16:12:23,288 - Вид короткого замыкания:
WARNING 2023-03-18 16:12:23,288 - трехфазное
WARNING 2023-03-18 16:12:23,289 - ['Линия не работает, сработала резервная защита', 1]
WARNING 2023-03-18 16:12:23,289 - Q9
WARNING 2023-03-18 16:12:23,289 - Сработала резервная защита
WARNING 2023-03-18 16:12:23,290 - Уставка у рз
WARNING 2023-03-18 16:12:23,290 - 400
WARNING 2023-03-18 16:12:23,290 - Вероятность поломки:
WARNING 2023-03-18 16:12:23,291 - 80
WARNING 2023-03-18 16:12:23,291 - Вероятность срабатывания по ТЗ:
WARNING 2023-03-18 16:12:23,291 - 70
WARNING 2023-03-18 16:12:23,292 - Самоустронение кз:
WARNING 2023-03-18 16:12:23,292 - 39
WARNING 2023-03-18 16:12:23,292 - Уровень тока на оборудование
WARNING 2023-03-18 16:12:23,293 - 736
WARNING 2023-03-18 16:12:23,293 - Все нагрузки работают
WARNING 2023-03-18 16:12:23,293 - -----------------------------------------------------------------
WARNING 2023-03-18 16:12:23,293 - Итерация
WARNING 2023-03-18 16:12:23,294 - 3
WARNING 2023-03-18 16:12:23,294 - Место короткого замыкания:
WARNING 2023-03-18 16:12:23,295 - Bus2
WARNING 2023-03-18 16:12:23,295 - Вид короткого замыкания:
WARNING 2023-03-18 16:12:23,295 - однофазное
WARNING 2023-03-18 16:12:23,296 - ['Шина отключена, сработала основная защита', 2]
WARNING 2023-03-18 16:12:23,296 - Q3
WARNING 2023-03-18 16:12:23,296 - Сработала основная защита
WARNING 2023-03-18 16:12:23,297 - Уставка у рз
WARNING 2023-03-18 16:12:23,297 - 350
WARNING 2023-03-18 16:12:23,297 - Вероятность поломки:
WARNING 2023-03-18 16:12:23,297 - 23
WARNING 2023-03-18 16:12:23,298 - Вероятность срабатывания по ТЗ:
WARNING 2023-03-18 16:12:23,298 - 80
WARNING 2023-03-18 16:12:23,298 - Уровень тока на оборудование
WARNING 2023-03-18 16:12:23,299 - 501
WARNING 2023-03-18 16:12:23,299 - Все нагрузки работают
WARNING 2023-03-18 16:12:23,299 - -----------------------------------------------------------------
WARNING 2023-03-18 16:12:23,300 - Итерация
WARNING 2023-03-18 16:12:23,300 - 4
WARNING 2023-03-18 16:12:23,300 - Место короткого замыкания:
WARNING 2023-03-18 16:12:23,301 - TR2
WARNING 2023-03-18 16:12:23,301 - Вид короткого замыкания:
WARNING 2023-03-18 16:12:23,301 - витковое замыкание в Т
WARNING 2023-03-18 16:12:23,302 - ['Трансформатор работает, сработала резервная защита', 2]
WARNING 2023-03-18 16:12:23,302 - Q2
WARNING 2023-03-18 16:12:23,302 - Сработала резервная защита
WARNING 2023-03-18 16:12:23,302 - Уставка у рз
WARNING 2023-03-18 16:12:23,303 - 500
WARNING 2023-03-18 16:12:23,303 - Вероятность поломки:
WARNING 2023-03-18 16:12:23,303 - 40
WARNING 2023-03-18 16:12:23,303 - Вероятность срабатывания по ТЗ:
WARNING 2023-03-18 16:12:23,304 - 75
WARNING 2023-03-18 16:12:23,304 - Уровень тока на оборудование
WARNING 2023-03-18 16:12:23,304 - 321
WARNING 2023-03-18 16:12:23,304 - Все нагрузки работают
WARNING 2023-03-18 16:12:23,305 - -----------------------------------------------------------------
WARNING 2023-03-18 16:12:23,305 - Итерация
WARNING 2023-03-18 16:12:23,305 - 5
WARNING 2023-03-18 16:12:23,305 - Место короткого замыкания:
WARNING 2023-03-18 16:12:23,306 - Bus3
WARNING 2023-03-18 16:12:23,306 - Вид короткого замыкания:
WARNING 2023-03-18 16:12:23,306 - однофазное
WARNING 2023-03-18 16:12:23,306 - ['Шина отключена, сработала резервная защита', 3]
WARNING 2023-03-18 16:12:23,307 - Q4
WARNING 2023-03-18 16:12:23,307 - Сработала резервная защита
WARNING 2023-03-18 16:12:23,307 - Уставка у рз
WARNING 2023-03-18 16:12:23,307 - 350
WARNING 2023-03-18 16:12:23,308 - Вероятность поломки:
WARNING 2023-03-18 16:12:23,308 - 91
WARNING 2023-03-18 16:12:23,308 - Вероятность срабатывания по ТЗ:
WARNING 2023-03-18 16:12:23,309 - 80
WARNING 2023-03-18 16:12:23,309 - Уровень тока на оборудование
WARNING 2023-03-18 16:12:23,309 - 96
WARNING 2023-03-18 16:12:23,309 - Все нагрузки работают
WARNING 2023-03-18 16:12:23,310 - -----------------------------------------------------------------
WARNING 2023-03-18 16:12:23,310 - Итерация
WARNING 2023-03-18 16:12:23,310 - 6
WARNING 2023-03-18 16:12:23,310 - Место короткого замыкания:
WARNING 2023-03-18 16:12:23,311 - TR1
WARNING 2023-03-18 16:12:23,311 - Вид короткого замыкания:
WARNING 2023-03-18 16:12:23,311 - витковое замыкание в Т
WARNING 2023-03-18 16:12:23,311 - ['Трансформатор отключен, сработала осн. защита', 1]
WARNING 2023-03-18 16:12:23,312 - Q1
WARNING 2023-03-18 16:12:23,312 - Сработала основная защита
WARNING 2023-03-18 16:12:23,312 - Уставка у рз
WARNING 2023-03-18 16:12:23,312 - 500
WARNING 2023-03-18 16:12:23,312 - Вероятность поломки:
WARNING 2023-03-18 16:12:23,313 - 51
WARNING 2023-03-18 16:12:23,313 - Вероятность срабатывания по ТЗ:
WARNING 2023-03-18 16:12:23,313 - 75
WARNING 2023-03-18 16:12:23,313 - Уровень тока на оборудование
WARNING 2023-03-18 16:12:23,314 - 984
WARNING 2023-03-18 16:12:23,314 - Все нагрузки работают
WARNING 2023-03-18 16:12:23,314 - -----------------------------------------------------------------
WARNING 2023-03-18 16:12:23,314 - Итерация
WARNING 2023-03-18 16:12:23,315 - 7
WARNING 2023-03-18 16:12:23,315 - Место короткого замыкания:
WARNING 2023-03-18 16:12:23,315 - Bus2
WARNING 2023-03-18 16:12:23,315 - Вид короткого замыкания:
WARNING 2023-03-18 16:12:23,315 - трехфазное
WARNING 2023-03-18 16:12:23,316 - ['Шина отключена, сработала резервная защита', 2]
WARNING 2023-03-18 16:12:23,316 - Q3
WARNING 2023-03-18 16:12:23,316 - Сработала резервная защита
WARNING 2023-03-18 16:12:23,316 - Уставка у рз
WARNING 2023-03-18 16:12:23,316 - 350
WARNING 2023-03-18 16:12:23,317 - Вероятность поломки:
WARNING 2023-03-18 16:12:23,317 - 95
WARNING 2023-03-18 16:12:23,317 - Вероятность срабатывания по ТЗ:
WARNING 2023-03-18 16:12:23,317 - 80
WARNING 2023-03-18 16:12:23,318 - Уровень тока на оборудование
WARNING 2023-03-18 16:12:23,318 - 953
WARNING 2023-03-18 16:12:23,318 - Все нагрузки работают
WARNING 2023-03-18 16:12:23,318 - -----------------------------------------------------------------
WARNING 2023-03-18 16:12:23,319 - Итерация
WARNING 2023-03-18 16:12:23,319 - 8
WARNING 2023-03-18 16:12:23,319 - Место короткого замыкания:
WARNING 2023-03-18 16:12:23,319 - Bus1
WARNING 2023-03-18 16:12:23,319 - Вид короткого замыкания:
WARNING 2023-03-18 16:12:23,320 - однофазное
WARNING 2023-03-18 16:12:23,320 - ['Шина отключена, сработала резервная защита', 1]
WARNING 2023-03-18 16:12:23,320 - Q0
WARNING 2023-03-18 16:12:23,320 - Сработала резервная защита
WARNING 2023-03-18 16:12:23,321 - Уставка у рз
WARNING 2023-03-18 16:12:23,321 - 600
WARNING 2023-03-18 16:12:23,321 - Вероятность поломки:
WARNING 2023-03-18 16:12:23,321 - 98
WARNING 2023-03-18 16:12:23,322 - Вероятность срабатывания по ТЗ:
WARNING 2023-03-18 16:12:23,322 - 80
WARNING 2023-03-18 16:12:23,322 - Уровень тока на оборудование
WARNING 2023-03-18 16:12:23,322 - 162
WARNING 2023-03-18 16:12:23,323 - Все нагрузки работают
WARNING 2023-03-18 16:12:23,323 - -----------------------------------------------------------------
WARNING 2023-03-18 16:12:23,323 - Итерация
WARNING 2023-03-18 16:12:23,323 - 10
WARNING 2023-03-18 16:12:23,324 - Место короткого замыкания:
WARNING 2023-03-18 16:12:23,324 - W4
WARNING 2023-03-18 16:12:23,324 - Вид короткого замыкания:
WARNING 2023-03-18 16:12:23,324 - двухфазное КЗ
WARNING 2023-03-18 16:12:23,325 - ['Линия не работает, сработала резервная защита', 4]
WARNING 2023-03-18 16:12:23,325 - Q7
WARNING 2023-03-18 16:12:23,325 - Сработала резервная защита
WARNING 2023-03-18 16:12:23,325 - Уставка у рз
WARNING 2023-03-18 16:12:23,326 - 250
WARNING 2023-03-18 16:12:23,326 - Вероятность поломки:
WARNING 2023-03-18 16:12:23,326 - 89
WARNING 2023-03-18 16:12:23,327 - Вероятность срабатывания по ТЗ:
WARNING 2023-03-18 16:12:23,327 - 65
WARNING 2023-03-18 16:12:23,327 - Самоустронение кз:
WARNING 2023-03-18 16:12:23,327 - 41
WARNING 2023-03-18 16:12:23,327 - Уровень тока на оборудование
WARNING 2023-03-18 16:12:23,328 - 63
WARNING 2023-03-18 16:12:23,328 - Все нагрузки работают
WARNING 2023-03-18 16:12:23,328 - -----------------------------------------------------------------
WARNING 2023-03-18 16:12:23,328 - Итерация
WARNING 2023-03-18 16:12:23,329 - 12
WARNING 2023-03-18 16:12:23,329 - Место короткого замыкания:
WARNING 2023-03-18 16:12:23,329 - TR2
WARNING 2023-03-18 16:12:23,330 - Вид короткого замыкания:
WARNING 2023-03-18 16:12:23,330 - витковое замыкание в Т
WARNING 2023-03-18 16:12:23,330 - ['Трансформатор работает, сработала резервная защита', 2]
WARNING 2023-03-18 16:12:23,331 - Q2
WARNING 2023-03-18 16:12:23,331 - Сработала резервная защита
WARNING 2023-03-18 16:12:23,331 - Уставка у рз
WARNING 2023-03-18 16:12:23,331 - 500
WARNING 2023-03-18 16:12:23,331 - Вероятность поломки:
WARNING 2023-03-18 16:12:23,332 - 85
WARNING 2023-03-18 16:12:23,332 - Вероятность срабатывания по ТЗ:
WARNING 2023-03-18 16:12:23,332 - 75
WARNING 2023-03-18 16:12:23,332 - Уровень тока на оборудование
WARNING 2023-03-18 16:12:23,333 - 26
WARNING 2023-03-18 16:12:23,333 - Все нагрузки работают
WARNING 2023-03-18 16:12:23,333 - -----------------------------------------------------------------
WARNING 2023-03-18 16:12:23,333 - Итерация
WARNING 2023-03-18 16:12:23,334 - 13
WARNING 2023-03-18 16:12:23,334 - Место короткого замыкания:
WARNING 2023-03-18 16:12:23,334 - Bus3
WARNING 2023-03-18 16:12:23,335 - Вид короткого замыкания:
WARNING 2023-03-18 16:12:23,335 - двухфазное КЗ
WARNING 2023-03-18 16:12:23,335 - ['Шина отключена, сработала резервная защита', 3]
WARNING 2023-03-18 16:12:23,336 - Q4
WARNING 2023-03-18 16:12:23,336 - Сработала резервная защита
WARNING 2023-03-18 16:12:23,336 - Уставка у рз
WARNING 2023-03-18 16:12:23,336 - 350
WARNING 2023-03-18 16:12:23,337 - Вероятность поломки:
WARNING 2023-03-18 16:12:23,337 - 57
WARNING 2023-03-18 16:12:23,337 - Вероятность срабатывания по ТЗ:
WARNING 2023-03-18 16:12:23,337 - 80
WARNING 2023-03-18 16:12:23,338 - Уровень тока на оборудование
WARNING 2023-03-18 16:12:23,338 - 55
WARNING 2023-03-18 16:12:23,338 - Все нагрузки работают
WARNING 2023-03-18 16:12:23,338 - -----------------------------------------------------------------
WARNING 2023-03-18 16:12:23,339 - Итерация
WARNING 2023-03-18 16:12:23,339 - 14
WARNING 2023-03-18 16:12:23,339 - Место короткого замыкания:
WARNING 2023-03-18 16:12:23,340 - W4
WARNING 2023-03-18 16:12:23,340 - Вид короткого замыкания:
WARNING 2023-03-18 16:12:23,340 - двухфазное КЗ
WARNING 2023-03-18 16:12:23,340 - ['Линия работает, кз самоусроинилось', 4]
WARNING 2023-03-18 16:12:23,341 - Q7
WARNING 2023-03-18 16:12:23,341 - Кз самоустроинилось
WARNING 2023-03-18 16:12:23,341 - Уставка у рз
WARNING 2023-03-18 16:12:23,341 - 250
WARNING 2023-03-18 16:12:23,342 - Вероятность поломки:
WARNING 2023-03-18 16:12:23,342 - 66
WARNING 2023-03-18 16:12:23,342 - Вероятность срабатывания по ТЗ:
WARNING 2023-03-18 16:12:23,342 - 65
WARNING 2023-03-18 16:12:23,343 - Самоустронение кз:
WARNING 2023-03-18 16:12:23,343 - 79
WARNING 2023-03-18 16:12:23,343 - Уровень тока на оборудование
WARNING 2023-03-18 16:12:23,343 - 455
WARNING 2023-03-18 16:12:23,344 - Все нагрузки работают
WARNING 2023-03-18 16:12:23,344 - -----------------------------------------------------------------
